Array
(
    [img_alt_missing] => 0.010973930358887
    [img_alt_empty] => 0.00074315071105957
    [img_alt_invalid] => 0.013036966323853
    [img_linked_alt_missing] => 0.00049495697021484
    [img_linked_alt_empty] => 0.00052690505981445
    [img_alt_redundant] => 0.0049848556518555
    [incorrect_heading_order] => 0.0020358562469482
    [iframe_missing_title] => 0.00033783912658691
    [missing_headings] => 0.010126829147339
    [link_blank] => 0.0095081329345703
    [image_map_missing_alt_text] => 0.00042486190795898
    [tab_order_modified] => 0.0028469562530518
    [empty_heading_tag] => 0.0022978782653809
    [empty_link] => 0.0098581314086914
    [empty_button] => 0.0020389556884766
    [img_alt_long] => 0.00037813186645508
    [aria_hidden] => 0.00055384635925293
    [empty_table_header] => 0.00033092498779297
    [link_ms_office_file] => 0.0011518001556396
    [link_pdf] => 0.00047683715820312
    [link_non_html_file] => 0.0013580322265625
    [long_description_invalid] => 0.00034308433532715
    [empty_form_label] => 0.00051403045654297
    [missing_form_label] => 0.0024330615997314
    [link_ambiguous_text] => 0.0013689994812012
    [broken_skip_anchor_link] => 0.0011510848999023
    [missing_table_header] => 0.00032401084899902
    [duplicate_form_label] => 0.0021748542785645
    [missing_transcript] => 0.00084495544433594
    [broken_aria_reference] => 0.0014159679412842
    [missing_lang_attr] => 0.00032687187194824
    [img_animated_gif] => 0.0010561943054199
    [video_present] => 0.0017650127410889
    [slider_present] => 0.0095310211181641
    [missing_title] => 0.0012171268463135
)

rules validate time: 0.10021209716797
